[0323/150057:ERROR:backend_impl.cc(2020)] Corrupt Index file
[0323/150057:ERROR:cache_util_win.cc(20)] Unable to move the cache: 5
[0323/150057:ERROR:cache_util.cc(134)] Unable to move cache folder C:\ProgramData\Altium\Altium Designer {D1D1BAFB-8421-4E26-984D-5388B5EC3E32}\BrowserCache to C:\ProgramData\Altium\Altium Designer {D1D1BAFB-8421-4E26-984D-5388B5EC3E32}\old_BrowserCache_000
[0323/150057:ERROR:cache_creator.cc(129)] Unable to create cache
[0323/191218:ERROR:backend_impl.cc(2020)] Corrupt Index file
[0323/191218:ERROR:cache_util_win.cc(20)] Unable to move the cache: 5
[0323/191218:ERROR:cache_util.cc(134)] Unable to move cache folder C:\ProgramData\Altium\Altium Designer {D1D1BAFB-8421-4E26-984D-5388B5EC3E32}\BrowserCache to C:\ProgramData\Altium\Altium Designer {D1D1BAFB-8421-4E26-984D-5388B5EC3E32}\old_BrowserCache_000
[0323/191218:ERROR:cache_creator.cc(129)] Unable to create cache
[0324/174310:ERROR:backend_impl.cc(2020)] Corrupt Index file
[0324/174310:ERROR:cache_util_win.cc(20)] Unable to move the cache: 5
[0324/174310:ERROR:cache_util.cc(134)] Unable to move cache folder C:\ProgramData\Altium\Altium Designer {D1D1BAFB-8421-4E26-984D-5388B5EC3E32}\BrowserCache to C:\ProgramData\Altium\Altium Designer {D1D1BAFB-8421-4E26-984D-5388B5EC3E32}\old_BrowserCache_000
[0324/174310:ERROR:cache_creator.cc(129)] Unable to create cache
[0324/183344:ERROR:backend_impl.cc(2020)] Corrupt Index file
[0324/183344:ERROR:cache_util_win.cc(20)] Unable to move the cache: 5
[0324/183344:ERROR:cache_util.cc(134)] Unable to move cache folder C:\ProgramData\Altium\Altium Designer {D1D1BAFB-8421-4E26-984D-5388B5EC3E32}\BrowserCache to C:\ProgramData\Altium\Altium Designer {D1D1BAFB-8421-4E26-984D-5388B5EC3E32}\old_BrowserCache_000
[0324/183344:ERROR:cache_creator.cc(129)] Unable to create cache
[0324/214449:WARNING:dns_config_service_win.cc(665)] Failed to read DnsConfig.
[0324/214454:WARNING:dns_config_service_win.cc(665)] Failed to read DnsConfig.
[0324/214459:WARNING:dns_config_service_win.cc(665)] Failed to read DnsConfig.
[0324/214502:ERROR:backend_impl.cc(2020)] Corrupt Index file
[0324/214502:ERROR:cache_util_win.cc(20)] Unable to move the cache: 5
[0324/214502:ERROR:cache_util.cc(134)] Unable to move cache folder C:\ProgramData\Altium\Altium Designer {D1D1BAFB-8421-4E26-984D-5388B5EC3E32}\BrowserCache to C:\ProgramData\Altium\Altium Designer {D1D1BAFB-8421-4E26-984D-5388B5EC3E32}\old_BrowserCache_000
[0324/214502:ERROR:cache_creator.cc(129)] Unable to create cache
[0324/214504:WARNING:dns_config_service_win.cc(665)] Failed to read DnsConfig.
[0324/214509:WARNING:dns_config_service_win.cc(665)] Failed to read DnsConfig.
[0324/214514:WARNING:dns_config_service_win.cc(665)] Failed to read DnsConfig.
[0324/214519:WARNING:dns_config_service_win.cc(665)] Failed to read DnsConfig.
[0324/214524:WARNING:dns_config_service_win.cc(665)] Failed to read DnsConfig.
[0324/214529:WARNING:dns_config_service_win.cc(665)] Failed to read DnsConfig.
[0324/214534:WARNING:dns_config_service_win.cc(665)] Failed to read DnsConfig.
[0324/214539:WARNING:dns_config_service_win.cc(665)] Failed to read DnsConfig.
[0324/214544:WARNING:dns_config_service_win.cc(665)] Failed to read DnsConfig.
[0324/214549:WARNING:dns_config_service_win.cc(665)] Failed to read DnsConfig.
[0324/214554:WARNING:dns_config_service_win.cc(665)] Failed to read DnsConfig.
[0324/214559:WARNING:dns_config_service_win.cc(665)] Failed to read DnsConfig.
[0324/214604:WARNING:dns_config_service_win.cc(665)] Failed to read DnsConfig.
[0324/214609:WARNING:dns_config_service_win.cc(665)] Failed to read DnsConfig.
[0324/214614:WARNING:dns_config_service_win.cc(665)] Failed to read DnsConfig.
[0324/214619:WARNING:dns_config_service_win.cc(665)] Failed to read DnsConfig.
[0324/214624:WARNING:dns_config_service_win.cc(665)] Failed to read DnsConfig.
[0324/214629:WARNING:dns_config_service_win.cc(665)] Failed to read DnsConfig.
[0324/214634:WARNING:dns_config_service_win.cc(665)] Failed to read DnsConfig.
[0324/214639:WARNING:dns_config_service_win.cc(665)] Failed to read DnsConfig.
[0324/214644:WARNING:dns_config_service_win.cc(665)] Failed to read DnsConfig.
[0324/214649:WARNING:dns_config_service_win.cc(665)] Failed to read DnsConfig.
[0324/222812:ERROR:backend_impl.cc(2020)] Corrupt Index file
[0324/222812:ERROR:cache_util_win.cc(20)] Unable to move the cache: 5
[0324/222812:ERROR:cache_util.cc(134)] Unable to move cache folder C:\ProgramData\Altium\Altium Designer {D1D1BAFB-8421-4E26-984D-5388B5EC3E32}\BrowserCache to C:\ProgramData\Altium\Altium Designer {D1D1BAFB-8421-4E26-984D-5388B5EC3E32}\old_BrowserCache_000
[0324/222812:ERROR:cache_creator.cc(129)] Unable to create cache
[0325/111244:ERROR:backend_impl.cc(2020)] Corrupt Index file
[0325/111244:ERROR:cache_util_win.cc(20)] Unable to move the cache: 5
[0325/111244:ERROR:cache_util.cc(134)] Unable to move cache folder C:\ProgramData\Altium\Altium Designer {D1D1BAFB-8421-4E26-984D-5388B5EC3E32}\BrowserCache to C:\ProgramData\Altium\Altium Designer {D1D1BAFB-8421-4E26-984D-5388B5EC3E32}\old_BrowserCache_000
[0325/111244:ERROR:cache_creator.cc(129)] Unable to create cache
[0325/131833:ERROR:backend_impl.cc(2020)] Corrupt Index file
[0325/131833:ERROR:cache_util_win.cc(20)] Unable to move the cache: 5
[0325/131833:ERROR:cache_util.cc(134)] Unable to move cache folder C:\ProgramData\Altium\Altium Designer {D1D1BAFB-8421-4E26-984D-5388B5EC3E32}\BrowserCache to C:\ProgramData\Altium\Altium Designer {D1D1BAFB-8421-4E26-984D-5388B5EC3E32}\old_BrowserCache_000
[0325/131833:ERROR:cache_creator.cc(129)] Unable to create cache
[0325/152103:ERROR:backend_impl.cc(2020)] Corrupt Index file
[0325/152103:ERROR:cache_util_win.cc(20)] Unable to move the cache: 5
[0325/152103:ERROR:cache_util.cc(134)] Unable to move cache folder C:\ProgramData\Altium\Altium Designer {D1D1BAFB-8421-4E26-984D-5388B5EC3E32}\BrowserCache to C:\ProgramData\Altium\Altium Designer {D1D1BAFB-8421-4E26-984D-5388B5EC3E32}\old_BrowserCache_000
[0325/152103:ERROR:cache_creator.cc(129)] Unable to create cache
[0325/155540:WARNING:dns_config_service_win.cc(665)] Failed to read DnsConfig.
[0325/155541:WARNING:dns_config_service_win.cc(665)] Failed to read DnsConfig.
[0325/155541:WARNING:dns_config_service_win.cc(665)] Failed to read DnsConfig.
[0325/155542:WARNING:dns_config_service_win.cc(665)] Failed to read DnsConfig.
[0325/155545:WARNING:dns_config_service_win.cc(665)] Failed to read DnsConfig.
[0325/155546:WARNING:dns_config_service_win.cc(665)] Failed to read DnsConfig.
[0325/155546:WARNING:dns_config_service_win.cc(665)] Failed to read DnsConfig.
[0325/155547:WARNING:dns_config_service_win.cc(665)] Failed to read DnsConfig.
[0325/155550:WARNING:dns_config_service_win.cc(665)] Failed to read DnsConfig.
[0325/155551:WARNING:dns_config_service_win.cc(665)] Failed to read DnsConfig.
[0325/155551:WARNING:dns_config_service_win.cc(665)] Failed to read DnsConfig.
[0325/155552:WARNING:dns_config_service_win.cc(665)] Failed to read DnsConfig.
[0325/155555:WARNING:dns_config_service_win.cc(665)] Failed to read DnsConfig.
[0325/155556:WARNING:dns_config_service_win.cc(665)] Failed to read DnsConfig.
[0325/155556:WARNING:dns_config_service_win.cc(665)] Failed to read DnsConfig.
[0325/155557:WARNING:dns_config_service_win.cc(665)] Failed to read DnsConfig.
[0325/191700:ERROR:backend_impl.cc(2020)] Corrupt Index file
[0325/191700:ERROR:cache_util_win.cc(20)] Unable to move the cache: 5
[0325/191700:ERROR:cache_util.cc(134)] Unable to move cache folder C:\ProgramData\Altium\Altium Designer {D1D1BAFB-8421-4E26-984D-5388B5EC3E32}\BrowserCache to C:\ProgramData\Altium\Altium Designer {D1D1BAFB-8421-4E26-984D-5388B5EC3E32}\old_BrowserCache_000
[0325/191700:ERROR:cache_creator.cc(129)] Unable to create cache
[0325/212048:WARNING:dns_config_service_win.cc(665)] Failed to read DnsConfig.
[0325/212513:ERROR:browser_gpu_channel_host_factory.cc(119)] Failed to launch GPU process.
[0326/115704:WARNING:dns_config_service_win.cc(665)] Failed to read DnsConfig.
[0326/115709:WARNING:dns_config_service_win.cc(665)] Failed to read DnsConfig.
[0326/115714:WARNING:dns_config_service_win.cc(665)] Failed to read DnsConfig.
[0326/115715:ERROR:backend_impl.cc(2020)] Corrupt Index file
[0326/115715:ERROR:cache_util_win.cc(20)] Unable to move the cache: 5
[0326/115715:ERROR:cache_util.cc(134)] Unable to move cache folder C:\ProgramData\Altium\Altium Designer {D1D1BAFB-8421-4E26-984D-5388B5EC3E32}\BrowserCache to C:\ProgramData\Altium\Altium Designer {D1D1BAFB-8421-4E26-984D-5388B5EC3E32}\old_BrowserCache_000
[0326/115715:ERROR:cache_creator.cc(129)] Unable to create cache
[0326/115719:WARNING:dns_config_service_win.cc(665)] Failed to read DnsConfig.
[0326/115724:WARNING:dns_config_service_win.cc(665)] Failed to read DnsConfig.
[0326/115728:WARNING:dns_config_service_win.cc(665)] Failed to read DnsConfig.
[0326/115728:WARNING:dns_config_service_win.cc(665)] Failed to read DnsConfig.
[0326/115728:WARNING:dns_config_service_win.cc(665)] Failed to read DnsConfig.
[0326/131641:ERROR:backend_impl.cc(2020)] Corrupt Index file
[0326/131641:ERROR:cache_util_win.cc(20)] Unable to move the cache: 5
[0326/131641:ERROR:cache_util.cc(134)] Unable to move cache folder C:\ProgramData\Altium\Altium Designer {D1D1BAFB-8421-4E26-984D-5388B5EC3E32}\BrowserCache to C:\ProgramData\Altium\Altium Designer {D1D1BAFB-8421-4E26-984D-5388B5EC3E32}\old_BrowserCache_000
[0326/131641:ERROR:cache_creator.cc(129)] Unable to create cache
[0326/135158:WARNING:dns_config_service_win.cc(665)] Failed to read DnsConfig.
[0326/135203:WARNING:dns_config_service_win.cc(665)] Failed to read DnsConfig.
[0326/135208:WARNING:dns_config_service_win.cc(665)] Failed to read DnsConfig.
[0326/135213:WARNING:dns_config_service_win.cc(665)] Failed to read DnsConfig.
[0326/135218:WARNING:dns_config_service_win.cc(665)] Failed to read DnsConfig.
[0326/135221:WARNING:dns_config_service_win.cc(665)] Failed to read DnsConfig.
[0326/135223:WARNING:dns_config_service_win.cc(665)] Failed to read DnsConfig.
[0326/135225:WARNING:dns_config_service_win.cc(665)] Failed to read DnsConfig.
[0326/135226:WARNING:dns_config_service_win.cc(665)] Failed to read DnsConfig.
[0326/135226:WARNING:dns_config_service_win.cc(665)] Failed to read DnsConfig.
[0326/135228:WARNING:dns_config_service_win.cc(665)] Failed to read DnsConfig.
