Added Component: Designator=C1_FAA(CAP200)
Add component. Clean all parameters for all variants
Added Component: Designator=C1_FR(CAP200)
Add component. Clean all parameters for all variants
Added Component: Designator=C2_FAA(CAP200)
Add component. Clean all parameters for all variants
Added Component: Designator=C2_FR(CAP200)
Add component. Clean all parameters for all variants
Added Component: Designator=C3_FAA(CAP200)
Add component. Clean all parameters for all variants
Added Component: Designator=C3_FR(CAP200)
Add component. Clean all parameters for all variants
Added Component: Designator=C4_FAA(CAP200)
Add component. Clean all parameters for all variants
Added Component: Designator=C4_FR(CAP200)
Add component. Clean all parameters for all variants
Added Component: Designator=C5_FAA(CAP200)
Add component. Clean all parameters for all variants
Added Component: Designator=C5_FR(CAP200)
Add component. Clean all parameters for all variants
Added Component: Designator=C6_FAA(CAP200)
Add component. Clean all parameters for all variants
Added Component: Designator=C6_FR(CAP200)
Add component. Clean all parameters for all variants
Added Component: Designator=C8_FAA(CAP200)
Add component. Clean all parameters for all variants
Added Component: Designator=C8_FR(CAP200)
Add component. Clean all parameters for all variants
Added Component: Designator=C9_FAA(CAP200)
Add component. Clean all parameters for all variants
Added Component: Designator=C9_FR(CAP200)
Add component. Clean all parameters for all variants
Added Component: Designator=C10_FAA(CAP200)
Add component. Clean all parameters for all variants
Added Component: Designator=C10_FR(CAP200)
Add component. Clean all parameters for all variants
Added Component: Designator=Ccoup1(CAP200)
Add component. Clean all parameters for all variants
Added Component: Designator=Ccoup1(CAP200)
Add component. Clean all parameters for all variants
Added Component: Designator=Ccoup1(CAP200)
Add component. Clean all parameters for all variants
Added Component: Designator=Ccoup2(CAP200)
Add component. Clean all parameters for all variants
Added Component: Designator=Ccoup2(CAP200)
Add component. Clean all parameters for all variants
Added Component: Designator=Ccoup2(CAP200)
Add component. Clean all parameters for all variants
Added Component: Designator=Ccoup2(CAP200)
Add component. Clean all parameters for all variants
Added Component: Designator=Ccoup3(CAP200)
Add component. Clean all parameters for all variants
Added Component: Designator=Ccoup3(CAP200)
Add component. Clean all parameters for all variants
Added Component: Designator=Ccoup4(CAP200)
Add component. Clean all parameters for all variants
Added Component: Designator=Ccoup4(CAP200)
Add component. Clean all parameters for all variants
Added Component: Designator=Ccoup5(CAP200)
Add component. Clean all parameters for all variants
Added Component: Designator=Ccoup5(CAP200)
Add component. Clean all parameters for all variants
Added Component: Designator=Ccoup6(CAP200)
Add component. Clean all parameters for all variants
Added Component: Designator=Ccoup6(CAP200)
Add component. Clean all parameters for all variants
Added Component: Designator=Ccoup11(CAP200)
Add component. Clean all parameters for all variants
Added Component: Designator=Ccv(CAP200)
Add component. Clean all parameters for all variants
Added Component: Designator=CD1_FAA(CAP200)
Add component. Clean all parameters for all variants
Added Component: Designator=CD1_FR(CAP200)
Add component. Clean all parameters for all variants
Added Component: Designator=CD2_FAA(CAP200)
Add component. Clean all parameters for all variants
Added Component: Designator=CD2_FR(CAP200)
Add component. Clean all parameters for all variants
Added Component: Designator=CD3_FAA(CAP200)
Add component. Clean all parameters for all variants
Added Component: Designator=CD3_FR(CAP200)
Add component. Clean all parameters for all variants
Added Component: Designator=CD4_FAA(CAP200)
Add component. Clean all parameters for all variants
Added Component: Designator=CD4_FR(CAP200)
Add component. Clean all parameters for all variants
Added Component: Designator=CD5_FAA(CAP200)
Add component. Clean all parameters for all variants
Added Component: Designator=CD5_FR(CAP200)
Add component. Clean all parameters for all variants
Added Component: Designator=CD6_FAA(CAP200)
Add component. Clean all parameters for all variants
Added Component: Designator=CD6_FR(CAP200)
Add component. Clean all parameters for all variants
Added Component: Designator=Cf(CAP200)
Add component. Clean all parameters for all variants
Added Component: Designator=Ch(CAP200)
Add component. Clean all parameters for all variants
Added Component: Designator=D1(DO41)
Add component. Clean all parameters for all variants
Added Component: Designator=D2(DO41)
Add component. Clean all parameters for all variants
Added Component: Designator=Input(BORNERA2)
Add component. Clean all parameters for all variants
Added Component: Designator=J0(JUMPER3)
Add component. Clean all parameters for all variants
Added Component: Designator=J1_FAA(JUMPER3)
Add component. Clean all parameters for all variants
Added Component: Designator=J1_FR(JUMPER3)
Add component. Clean all parameters for all variants
Added Component: Designator=J1(JUMPER3)
Add component. Clean all parameters for all variants
Added Component: Designator=J1(JUMPER2)
Add component. Clean all parameters for all variants
Added Component: Designator=J2_FAA(JUMPER3)
Add component. Clean all parameters for all variants
Added Component: Designator=J2_FR(JUMPER3)
Add component. Clean all parameters for all variants
Added Component: Designator=J2(JUMPER3)
Add component. Clean all parameters for all variants
Added Component: Designator=J2(JUMPER2)
Add component. Clean all parameters for all variants
Added Component: Designator=J3_FAA(JUMPER3)
Add component. Clean all parameters for all variants
Added Component: Designator=J3_FR(JUMPER3)
Add component. Clean all parameters for all variants
Added Component: Designator=J3(JUMPER3)
Add component. Clean all parameters for all variants
Added Component: Designator=J4_FAA(JUMPER3)
Add component. Clean all parameters for all variants
Added Component: Designator=J4_FR(JUMPER3)
Add component. Clean all parameters for all variants
Added Component: Designator=J4(JUMPER3)
Add component. Clean all parameters for all variants
Added Component: Designator=J5(JUMPER3)
Add component. Clean all parameters for all variants
Added Component: Designator=J6(JUMPER3)
Add component. Clean all parameters for all variants
Added Component: Designator=J7(JUMPER3)
Add component. Clean all parameters for all variants
Added Component: Designator=Jcomp1(JUMPER2)
Add component. Clean all parameters for all variants
Added Component: Designator=Jcomp2(JUMPER2)
Add component. Clean all parameters for all variants
Added Component: Designator=Jhigh1(JUMPER3)
Add component. Clean all parameters for all variants
Added Component: Designator=Jhigh2(JUMPER3)
Add component. Clean all parameters for all variants
Added Component: Designator=Jlow1(JUMPER3)
Add component. Clean all parameters for all variants
Added Component: Designator=Jlow2(JUMPER3)
Add component. Clean all parameters for all variants
Added Component: Designator=Jsierra(JUMPER2)
Add component. Clean all parameters for all variants
Added Component: Designator=Jumper1_FAA(JUMPER3)
Add component. Clean all parameters for all variants
Added Component: Designator=Jumper1_FR(JUMPER3)
Add component. Clean all parameters for all variants
Added Component: Designator=Jumper2_FAA(JUMPER3)
Add component. Clean all parameters for all variants
Added Component: Designator=Jumper2_FR(JUMPER3)
Add component. Clean all parameters for all variants
Added Component: Designator=Jumper3_FAA(JUMPER3)
Add component. Clean all parameters for all variants
Added Component: Designator=Jumper3_FR(JUMPER3)
Add component. Clean all parameters for all variants
Added Component: Designator=Jumper4_FAA(JUMPER3)
Add component. Clean all parameters for all variants
Added Component: Designator=Jumper4_FR(JUMPER3)
Add component. Clean all parameters for all variants
Added Component: Designator=Jumper5_FAA(JUMPER3)
Add component. Clean all parameters for all variants
Added Component: Designator=Jumper5_FR(JUMPER3)
Add component. Clean all parameters for all variants
Added Component: Designator=Output(BORNERA2)
Add component. Clean all parameters for all variants
Added Component: Designator=R1.b_FAA(RES400)
Add component. Clean all parameters for all variants
Added Component: Designator=R1.b_FR(RES400)
Add component. Clean all parameters for all variants
Added Component: Designator=R1_FAA(RES400)
Add component. Clean all parameters for all variants
Added Component: Designator=R1_FR(RES400)
Add component. Clean all parameters for all variants
Added Component: Designator=R1(PRESET H)
Add component. Clean all parameters for all variants
Added Component: Designator=R1(AXIAL-0.3)
Add component. Clean all parameters for all variants
Add component (AddParameter): Name = "LatestRevisionDate"; Value = "17-Jul-2002"; VariantName = "[No Variations]"
Add component (AddParameter): Name = "LatestRevisionNote"; Value = "Re-released for DXP Platform."; VariantName = "[No Variations]"
Add component (AddParameter): Name = "PackageDescription"; Value = "Axial Device, Thru-Hole; 2 Leads; 0.3 in Pin Spacing"; VariantName = "[No Variations]"
Add component (AddParameter): Name = "PackageReference"; Value = "AXIAL-0.3"; VariantName = "[No Variations]"
Add component (AddParameter): Name = "Published"; Value = "8-Jun-2000"; VariantName = "[No Variations]"
Add component (AddParameter): Name = "Publisher"; Value = "Altium Limited"; VariantName = "[No Variations]"
Added Component: Designator=R2.b_FAA(RES400)
Add component. Clean all parameters for all variants
Added Component: Designator=R2.b_FR(RES400)
Add component. Clean all parameters for all variants
Added Component: Designator=R2_FAA(RES400)
Add component. Clean all parameters for all variants
Added Component: Designator=R2_FR(RES400)
Add component. Clean all parameters for all variants
Added Component: Designator=R2(AXIAL-0.3)
Add component. Clean all parameters for all variants
Add component (AddParameter): Name = "LatestRevisionDate"; Value = "17-Jul-2002"; VariantName = "[No Variations]"
Add component (AddParameter): Name = "LatestRevisionNote"; Value = "Re-released for DXP Platform."; VariantName = "[No Variations]"
Add component (AddParameter): Name = "PackageDescription"; Value = "Axial Device, Thru-Hole; 2 Leads; 0.3 in Pin Spacing"; VariantName = "[No Variations]"
Add component (AddParameter): Name = "PackageReference"; Value = "AXIAL-0.3"; VariantName = "[No Variations]"
Add component (AddParameter): Name = "Published"; Value = "8-Jun-2000"; VariantName = "[No Variations]"
Add component (AddParameter): Name = "Publisher"; Value = "Altium Limited"; VariantName = "[No Variations]"
Add component (AddParameter): Name = "Value"; Value = "1K"; VariantName = "[No Variations]"
Added Component: Designator=R3.b_FAA(RES400)
Add component. Clean all parameters for all variants
Added Component: Designator=R3.b_FR(RES400)
Add component. Clean all parameters for all variants
Added Component: Designator=R3_FAA(RES400)
Add component. Clean all parameters for all variants
Added Component: Designator=R3_FR(RES400)
Add component. Clean all parameters for all variants
Added Component: Designator=R3(RES300)
Add component. Clean all parameters for all variants
Added Component: Designator=R4.b_FAA(RES400)
Add component. Clean all parameters for all variants
Added Component: Designator=R4.b_FR(RES400)
Add component. Clean all parameters for all variants
Added Component: Designator=R4.c_FAA(RES400)
Add component. Clean all parameters for all variants
Added Component: Designator=R4.c_FR(RES400)
Add component. Clean all parameters for all variants
Added Component: Designator=R4_FAA(RES400)
Add component. Clean all parameters for all variants
Added Component: Designator=R4_FR(RES400)
Add component. Clean all parameters for all variants
Added Component: Designator=R4(RES300)
Add component. Clean all parameters for all variants
Added Component: Designator=R5_FAA(RES400)
Add component. Clean all parameters for all variants
Added Component: Designator=R5_FR(RES400)
Add component. Clean all parameters for all variants
Added Component: Designator=R5(RES300)
Add component. Clean all parameters for all variants
Added Component: Designator=R6.b_FAA(RES400)
Add component. Clean all parameters for all variants
Added Component: Designator=R6.b_FR(RES400)
Add component. Clean all parameters for all variants
Added Component: Designator=R6_FAA(RES400)
Add component. Clean all parameters for all variants
Added Component: Designator=R6_FR(RES400)
Add component. Clean all parameters for all variants
Added Component: Designator=R6(RES300)
Add component. Clean all parameters for all variants
Added Component: Designator=R7.b_FAA(RES400)
Add component. Clean all parameters for all variants
Added Component: Designator=R7.b_FR(RES400)
Add component. Clean all parameters for all variants
Added Component: Designator=R7_FAA(RES400)
Add component. Clean all parameters for all variants
Added Component: Designator=R7_FR(RES400)
Add component. Clean all parameters for all variants
Added Component: Designator=R7(RES300)
Add component. Clean all parameters for all variants
Added Component: Designator=R8_FAA(RES400)
Add component. Clean all parameters for all variants
Added Component: Designator=R8_FR(RES400)
Add component. Clean all parameters for all variants
Added Component: Designator=R9.b_FAA(RES400)
Add component. Clean all parameters for all variants
Added Component: Designator=R9.b_FR(RES400)
Add component. Clean all parameters for all variants
Added Component: Designator=R9_FAA(RES400)
Add component. Clean all parameters for all variants
Added Component: Designator=R9_FR(RES400)
Add component. Clean all parameters for all variants
Added Component: Designator=R10.b_FAA(RES400)
Add component. Clean all parameters for all variants
Added Component: Designator=R10.b_FR(RES400)
Add component. Clean all parameters for all variants
Added Component: Designator=R10_FAA(RES400)
Add component. Clean all parameters for all variants
Added Component: Designator=R10_FR(RES400)
Add component. Clean all parameters for all variants
Added Component: Designator=R11_FAA(RES400)
Add component. Clean all parameters for all variants
Added Component: Designator=R11_FR(RES400)
Add component. Clean all parameters for all variants
Added Component: Designator=R12_FAA(RES400)
Add component. Clean all parameters for all variants
Added Component: Designator=R12_FR(RES400)
Add component. Clean all parameters for all variants
Added Component: Designator=R13_FAA(PRESET V)
Add component. Clean all parameters for all variants
Added Component: Designator=R13_FR(PRESET V)
Add component. Clean all parameters for all variants
Added Component: Designator=R14_FAA(RES400)
Add component. Clean all parameters for all variants
Added Component: Designator=R14_FR(RES400)
Add component. Clean all parameters for all variants
Added Component: Designator=R15_FAA(RES400)
Add component. Clean all parameters for all variants
Added Component: Designator=R15_FR(RES400)
Add component. Clean all parameters for all variants
Added Component: Designator=R17.b_FAA(RES400)
Add component. Clean all parameters for all variants
Added Component: Designator=R17.b_FR(RES400)
Add component. Clean all parameters for all variants
Added Component: Designator=R17_FAA(RES400)
Add component. Clean all parameters for all variants
Added Component: Designator=R17_FR(RES400)
Add component. Clean all parameters for all variants
Added Component: Designator=R18.b_FAA(RES400)
Add component. Clean all parameters for all variants
Added Component: Designator=R18.b_FR(RES400)
Add component. Clean all parameters for all variants
Added Component: Designator=R18_FAA(RES400)
Add component. Clean all parameters for all variants
Added Component: Designator=R18_FR(RES400)
Add component. Clean all parameters for all variants
Added Component: Designator=R19_FAA(RES400)
Add component. Clean all parameters for all variants
Added Component: Designator=R19_FR(RES400)
Add component. Clean all parameters for all variants
Added Component: Designator=R20.b_FAA(RES400)
Add component. Clean all parameters for all variants
Added Component: Designator=R20.b_FR(RES400)
Add component. Clean all parameters for all variants
Added Component: Designator=R20_FAA(RES400)
Add component. Clean all parameters for all variants
Added Component: Designator=R20_FR(RES400)
Add component. Clean all parameters for all variants
Added Component: Designator=R21_FAA(RES400)
Add component. Clean all parameters for all variants
Added Component: Designator=R21_FR(RES400)
Add component. Clean all parameters for all variants
Added Component: Designator=R22.b_FAA(RES400)
Add component. Clean all parameters for all variants
Added Component: Designator=R22.b_FR(RES400)
Add component. Clean all parameters for all variants
Added Component: Designator=R22_FAA(RES400)
Add component. Clean all parameters for all variants
Added Component: Designator=R22_FR(RES400)
Add component. Clean all parameters for all variants
Added Component: Designator=R23_FAA(RES400)
Add component. Clean all parameters for all variants
Added Component: Designator=R23_FR(RES400)
Add component. Clean all parameters for all variants
Added Component: Designator=Rb(PRESET V)
Add component. Clean all parameters for all variants
Added Component: Designator=Rcomp1(PRESET V)
Add component. Clean all parameters for all variants
Added Component: Designator=Rcomp2(PRESET V)
Add component. Clean all parameters for all variants
Added Component: Designator=Rd(RES300)
Add component. Clean all parameters for all variants
Added Component: Designator=Rf1(RES300)
Add component. Clean all parameters for all variants
Added Component: Designator=Rf2(PRESET V)
Add component. Clean all parameters for all variants
Added Component: Designator=Rup1(RES300)
Add component. Clean all parameters for all variants
Added Component: Designator=Rup2(RES300)
Add component. Clean all parameters for all variants
Added Component: Designator=T1(TO92)
Add component. Clean all parameters for all variants
Added Component: Designator=TT1_FAA(DIP14)
Add component. Clean all parameters for all variants
Add component (AddParameter): Name = "ComponentLink1Description"; Value = "Manufacturer Link"; VariantName = "[No Variations]"
Add component (AddParameter): Name = "ComponentLink1URL"; Value = "http://www.st.com/"; VariantName = "[No Variations]"
Add component (AddParameter): Name = "ComponentLink2Description"; Value = "Datasheet"; VariantName = "[No Variations]"
Add component (AddParameter): Name = "ComponentLink2URL"; Value = "http://www.st.com/stonline/products/literature/ds/2301/tl084.pdf"; VariantName = "[No Variations]"
Add component (AddParameter): Name = "DatasheetVersion"; Value = "Jan-1999"; VariantName = "[No Variations]"
Add component (AddParameter): Name = "LatestRevisionDate"; Value = "06-Jun-2005"; VariantName = "[No Variations]"
Add component (AddParameter): Name = "LatestRevisionNote"; Value = "Stylized 3D Model Added."; VariantName = "[No Variations]"
Add component (AddParameter): Name = "PackageDescription"; Value = "DIP; 14 Leads; Row Spacing 7.62 mm; Pitch 2.54 mm"; VariantName = "[No Variations]"
Add component (AddParameter): Name = "PackageReference"; Value = "DIP14"; VariantName = "[No Variations]"
Add component (AddParameter): Name = "PackageVersion"; Value = "Jan-1997"; VariantName = "[No Variations]"
Add component (AddParameter): Name = "Published"; Value = "24-Aug-2001"; VariantName = "[No Variations]"
Add component (AddParameter): Name = "Publisher"; Value = "Altium Limited"; VariantName = "[No Variations]"
Added Component: Designator=TT1_FR(DIP14)
Add component. Clean all parameters for all variants
Add component (AddParameter): Name = "ComponentLink1Description"; Value = "Manufacturer Link"; VariantName = "[No Variations]"
Add component (AddParameter): Name = "ComponentLink1URL"; Value = "http://www.st.com/"; VariantName = "[No Variations]"
Add component (AddParameter): Name = "ComponentLink2Description"; Value = "Datasheet"; VariantName = "[No Variations]"
Add component (AddParameter): Name = "ComponentLink2URL"; Value = "http://www.st.com/stonline/products/literature/ds/2301/tl084.pdf"; VariantName = "[No Variations]"
Add component (AddParameter): Name = "DatasheetVersion"; Value = "Jan-1999"; VariantName = "[No Variations]"
Add component (AddParameter): Name = "LatestRevisionDate"; Value = "06-Jun-2005"; VariantName = "[No Variations]"
Add component (AddParameter): Name = "LatestRevisionNote"; Value = "Stylized 3D Model Added."; VariantName = "[No Variations]"
Add component (AddParameter): Name = "PackageDescription"; Value = "DIP; 14 Leads; Row Spacing 7.62 mm; Pitch 2.54 mm"; VariantName = "[No Variations]"
Add component (AddParameter): Name = "PackageReference"; Value = "DIP14"; VariantName = "[No Variations]"
Add component (AddParameter): Name = "PackageVersion"; Value = "Jan-1997"; VariantName = "[No Variations]"
Add component (AddParameter): Name = "Published"; Value = "24-Aug-2001"; VariantName = "[No Variations]"
Add component (AddParameter): Name = "Publisher"; Value = "Altium Limited"; VariantName = "[No Variations]"
Added Component: Designator=TT2_FAA(DIP14)
Add component. Clean all parameters for all variants
Add component (AddParameter): Name = "ComponentLink1Description"; Value = "Manufacturer Link"; VariantName = "[No Variations]"
Add component (AddParameter): Name = "ComponentLink1URL"; Value = "http://www.st.com/"; VariantName = "[No Variations]"
Add component (AddParameter): Name = "ComponentLink2Description"; Value = "Datasheet"; VariantName = "[No Variations]"
Add component (AddParameter): Name = "ComponentLink2URL"; Value = "http://www.st.com/stonline/products/literature/ds/2301/tl084.pdf"; VariantName = "[No Variations]"
Add component (AddParameter): Name = "DatasheetVersion"; Value = "Jan-1999"; VariantName = "[No Variations]"
Add component (AddParameter): Name = "LatestRevisionDate"; Value = "06-Jun-2005"; VariantName = "[No Variations]"
Add component (AddParameter): Name = "LatestRevisionNote"; Value = "Stylized 3D Model Added."; VariantName = "[No Variations]"
Add component (AddParameter): Name = "PackageDescription"; Value = "DIP; 14 Leads; Row Spacing 7.62 mm; Pitch 2.54 mm"; VariantName = "[No Variations]"
Add component (AddParameter): Name = "PackageReference"; Value = "DIP14"; VariantName = "[No Variations]"
Add component (AddParameter): Name = "PackageVersion"; Value = "Jan-1997"; VariantName = "[No Variations]"
Add component (AddParameter): Name = "Published"; Value = "24-Aug-2001"; VariantName = "[No Variations]"
Add component (AddParameter): Name = "Publisher"; Value = "Altium Limited"; VariantName = "[No Variations]"
Added Component: Designator=TT2_FR(DIP14)
Add component. Clean all parameters for all variants
Add component (AddParameter): Name = "ComponentLink1Description"; Value = "Manufacturer Link"; VariantName = "[No Variations]"
Add component (AddParameter): Name = "ComponentLink1URL"; Value = "http://www.st.com/"; VariantName = "[No Variations]"
Add component (AddParameter): Name = "ComponentLink2Description"; Value = "Datasheet"; VariantName = "[No Variations]"
Add component (AddParameter): Name = "ComponentLink2URL"; Value = "http://www.st.com/stonline/products/literature/ds/2301/tl084.pdf"; VariantName = "[No Variations]"
Add component (AddParameter): Name = "DatasheetVersion"; Value = "Jan-1999"; VariantName = "[No Variations]"
Add component (AddParameter): Name = "LatestRevisionDate"; Value = "06-Jun-2005"; VariantName = "[No Variations]"
Add component (AddParameter): Name = "LatestRevisionNote"; Value = "Stylized 3D Model Added."; VariantName = "[No Variations]"
Add component (AddParameter): Name = "PackageDescription"; Value = "DIP; 14 Leads; Row Spacing 7.62 mm; Pitch 2.54 mm"; VariantName = "[No Variations]"
Add component (AddParameter): Name = "PackageReference"; Value = "DIP14"; VariantName = "[No Variations]"
Add component (AddParameter): Name = "PackageVersion"; Value = "Jan-1997"; VariantName = "[No Variations]"
Add component (AddParameter): Name = "Published"; Value = "24-Aug-2001"; VariantName = "[No Variations]"
Add component (AddParameter): Name = "Publisher"; Value = "Altium Limited"; VariantName = "[No Variations]"
Added Component: Designator=TT3_FAA(DIP14)
Add component. Clean all parameters for all variants
Add component (AddParameter): Name = "ComponentLink1Description"; Value = "Manufacturer Link"; VariantName = "[No Variations]"
Add component (AddParameter): Name = "ComponentLink1URL"; Value = "http://www.st.com/"; VariantName = "[No Variations]"
Add component (AddParameter): Name = "ComponentLink2Description"; Value = "Datasheet"; VariantName = "[No Variations]"
Add component (AddParameter): Name = "ComponentLink2URL"; Value = "http://www.st.com/stonline/products/literature/ds/2301/tl084.pdf"; VariantName = "[No Variations]"
Add component (AddParameter): Name = "DatasheetVersion"; Value = "Jan-1999"; VariantName = "[No Variations]"
Add component (AddParameter): Name = "LatestRevisionDate"; Value = "06-Jun-2005"; VariantName = "[No Variations]"
Add component (AddParameter): Name = "LatestRevisionNote"; Value = "Stylized 3D Model Added."; VariantName = "[No Variations]"
Add component (AddParameter): Name = "PackageDescription"; Value = "DIP; 14 Leads; Row Spacing 7.62 mm; Pitch 2.54 mm"; VariantName = "[No Variations]"
Add component (AddParameter): Name = "PackageReference"; Value = "DIP14"; VariantName = "[No Variations]"
Add component (AddParameter): Name = "PackageVersion"; Value = "Jan-1997"; VariantName = "[No Variations]"
Add component (AddParameter): Name = "Published"; Value = "24-Aug-2001"; VariantName = "[No Variations]"
Add component (AddParameter): Name = "Publisher"; Value = "Altium Limited"; VariantName = "[No Variations]"
Added Component: Designator=TT3_FR(DIP14)
Add component. Clean all parameters for all variants
Add component (AddParameter): Name = "ComponentLink1Description"; Value = "Manufacturer Link"; VariantName = "[No Variations]"
Add component (AddParameter): Name = "ComponentLink1URL"; Value = "http://www.st.com/"; VariantName = "[No Variations]"
Add component (AddParameter): Name = "ComponentLink2Description"; Value = "Datasheet"; VariantName = "[No Variations]"
Add component (AddParameter): Name = "ComponentLink2URL"; Value = "http://www.st.com/stonline/products/literature/ds/2301/tl084.pdf"; VariantName = "[No Variations]"
Add component (AddParameter): Name = "DatasheetVersion"; Value = "Jan-1999"; VariantName = "[No Variations]"
Add component (AddParameter): Name = "LatestRevisionDate"; Value = "06-Jun-2005"; VariantName = "[No Variations]"
Add component (AddParameter): Name = "LatestRevisionNote"; Value = "Stylized 3D Model Added."; VariantName = "[No Variations]"
Add component (AddParameter): Name = "PackageDescription"; Value = "DIP; 14 Leads; Row Spacing 7.62 mm; Pitch 2.54 mm"; VariantName = "[No Variations]"
Add component (AddParameter): Name = "PackageReference"; Value = "DIP14"; VariantName = "[No Variations]"
Add component (AddParameter): Name = "PackageVersion"; Value = "Jan-1997"; VariantName = "[No Variations]"
Add component (AddParameter): Name = "Published"; Value = "24-Aug-2001"; VariantName = "[No Variations]"
Add component (AddParameter): Name = "Publisher"; Value = "Altium Limited"; VariantName = "[No Variations]"
Added Component: Designator=U1(DIP8)
Add component. Clean all parameters for all variants
Added Component: Designator=U1(DIP8)
Add component. Clean all parameters for all variants
Added Component: Designator=U2(DIP8)
Add component. Clean all parameters for all variants
Added Component: Designator=U3(DIP8)
Add component. Clean all parameters for all variants
Added Component: Designator=Unot1(N014)
Add component. Clean all parameters for all variants
Add component (AddParameter): Name = "ComponentLink1Description"; Value = "Manufacturer Link"; VariantName = "[No Variations]"
Add component (AddParameter): Name = "ComponentLink1URL"; Value = "http://www.ti.com/"; VariantName = "[No Variations]"
Add component (AddParameter): Name = "ComponentLink2Description"; Value = "Datasheet"; VariantName = "[No Variations]"
Add component (AddParameter): Name = "ComponentLink2URL"; Value = "http://www-s.ti.com/sc/ds/sn5404.pdf"; VariantName = "[No Variations]"
Add component (AddParameter): Name = "ComponentLink3Description"; Value = "Packaging Specification"; VariantName = "[No Variations]"
Add component (AddParameter): Name = "ComponentLink3URL"; Value = "http://focus.ti.com/lit/ml/mpdi002c/mpdi002c.pdf"; VariantName = "[No Variations]"
Add component (AddParameter): Name = "DatasheetVersion"; Value = "Mar-1988"; VariantName = "[No Variations]"
Add component (AddParameter): Name = "LatestRevisionDate"; Value = "04-Mar-2005"; VariantName = "[No Variations]"
Add component (AddParameter): Name = "LatestRevisionNote"; Value = "Stylized 3D Model Added."; VariantName = "[No Variations]"
Add component (AddParameter): Name = "PackageDescription"; Value = "DIP; 14 Leads; Row Spacing 7.62 mm; Pitch 2.54 mm"; VariantName = "[No Variations]"
Add component (AddParameter): Name = "PackageReference"; Value = "N014"; VariantName = "[No Variations]"
Add component (AddParameter): Name = "PackageVersion"; Value = "Oct-1995"; VariantName = "[No Variations]"
Add component (AddParameter): Name = "Published"; Value = "8-Jun-2000"; VariantName = "[No Variations]"
Add component (AddParameter): Name = "Publisher"; Value = "Altium Limited"; VariantName = "[No Variations]"
Added Component: Designator=Vcc(BORNERA3)
Add component. Clean all parameters for all variants
Added Pin To Net: NetName=Clk Pin=Unot1-2
Added Net: Name=Clk
Added Pin To Net: NetName=comp Pin=Jsierra-1
Added Pin To Net: NetName=comp Pin=U2-2
Added Pin To Net: NetName=comp Pin=U3-2
Added Net: Name=comp
Added Pin To Net: NetName=GND Pin=C1_FAA-1
Added Pin To Net: NetName=GND Pin=C1_FR-1
Added Pin To Net: NetName=GND Pin=C3_FAA-1
Added Pin To Net: NetName=GND Pin=C3_FR-1
Added Pin To Net: NetName=GND Pin=C5_FAA-1
Added Pin To Net: NetName=GND Pin=C5_FR-1
Added Pin To Net: NetName=GND Pin=Ccoup1-2
Added Pin To Net: NetName=GND Pin=Ccoup1-2
Added Pin To Net: NetName=GND Pin=Ccoup1-2
Added Pin To Net: NetName=GND Pin=Ccoup2-2
Added Pin To Net: NetName=GND Pin=Ccoup2-2
Added Pin To Net: NetName=GND Pin=Ccoup2-2
Added Pin To Net: NetName=GND Pin=Ccoup2-2
Added Pin To Net: NetName=GND Pin=Ccoup3-2
Added Pin To Net: NetName=GND Pin=Ccoup3-2
Added Pin To Net: NetName=GND Pin=Ccoup4-2
Added Pin To Net: NetName=GND Pin=Ccoup4-2
Added Pin To Net: NetName=GND Pin=Ccoup5-2
Added Pin To Net: NetName=GND Pin=Ccoup5-2
Added Pin To Net: NetName=GND Pin=Ccoup6-2
Added Pin To Net: NetName=GND Pin=Ccoup6-2
Added Pin To Net: NetName=GND Pin=Ccoup11-2
Added Pin To Net: NetName=GND Pin=Ccv-2
Added Pin To Net: NetName=GND Pin=CD1_FAA-2
Added Pin To Net: NetName=GND Pin=CD1_FR-2
Added Pin To Net: NetName=GND Pin=CD2_FAA-2
Added Pin To Net: NetName=GND Pin=CD2_FR-2
Added Pin To Net: NetName=GND Pin=CD3_FAA-2
Added Pin To Net: NetName=GND Pin=CD3_FR-2
Added Pin To Net: NetName=GND Pin=CD4_FAA-2
Added Pin To Net: NetName=GND Pin=CD4_FR-2
Added Pin To Net: NetName=GND Pin=CD5_FAA-2
Added Pin To Net: NetName=GND Pin=CD5_FR-2
Added Pin To Net: NetName=GND Pin=CD6_FAA-2
Added Pin To Net: NetName=GND Pin=CD6_FR-2
Added Pin To Net: NetName=GND Pin=Cf-2
Added Pin To Net: NetName=GND Pin=Ch-2
Added Pin To Net: NetName=GND Pin=Input-1
Added Pin To Net: NetName=GND Pin=J1-1
Added Pin To Net: NetName=GND Pin=Jhigh1-3
Added Pin To Net: NetName=GND Pin=Jhigh2-1
Added Pin To Net: NetName=GND Pin=Jlow1-3
Added Pin To Net: NetName=GND Pin=Jlow2-3
Added Pin To Net: NetName=GND Pin=Output-1
Added Pin To Net: NetName=GND Pin=R2-1
Added Pin To Net: NetName=GND Pin=R5_FAA-1
Added Pin To Net: NetName=GND Pin=R5_FR-1
Added Pin To Net: NetName=GND Pin=R8_FAA-1
Added Pin To Net: NetName=GND Pin=R8_FR-1
Added Pin To Net: NetName=GND Pin=R12_FAA-1
Added Pin To Net: NetName=GND Pin=R12_FR-1
Added Pin To Net: NetName=GND Pin=Rcomp1-2
Added Pin To Net: NetName=GND Pin=Rcomp2-2
Added Pin To Net: NetName=GND Pin=Rd-1
Added Pin To Net: NetName=GND Pin=TT2_FAA-10
Added Pin To Net: NetName=GND Pin=TT2_FR-10
Added Pin To Net: NetName=GND Pin=TT3_FAA-3
Added Pin To Net: NetName=GND Pin=TT3_FAA-5
Added Pin To Net: NetName=GND Pin=TT3_FAA-10
Added Pin To Net: NetName=GND Pin=TT3_FAA-12
Added Pin To Net: NetName=GND Pin=TT3_FR-3
Added Pin To Net: NetName=GND Pin=TT3_FR-5
Added Pin To Net: NetName=GND Pin=TT3_FR-10
Added Pin To Net: NetName=GND Pin=TT3_FR-12
Added Pin To Net: NetName=GND Pin=U1-1
Added Pin To Net: NetName=GND Pin=U1-3
Added Pin To Net: NetName=GND Pin=U1-4
Added Pin To Net: NetName=GND Pin=U1-5
Added Pin To Net: NetName=GND Pin=U1-6
Added Pin To Net: NetName=GND Pin=U1-7
Added Pin To Net: NetName=GND Pin=U1-7
Added Pin To Net: NetName=GND Pin=U1-8
Added Pin To Net: NetName=GND Pin=Unot1-7
Added Pin To Net: NetName=GND Pin=Vcc-2
Added Net: Name=GND
Added Pin To Net: NetName=high1 Pin=Jhigh1-2
Added Pin To Net: NetName=high1 Pin=Rup1-2
Added Pin To Net: NetName=high1 Pin=U2-8
Added Net: Name=high1
Added Pin To Net: NetName=high2 Pin=Jhigh2-2
Added Pin To Net: NetName=high2 Pin=Rup2-2
Added Pin To Net: NetName=high2 Pin=U3-8
Added Net: Name=high2
Added Pin To Net: NetName=Input Pin=J4-3
Added Pin To Net: NetName=Input Pin=U1-1
Added Net: Name=Input
Added Pin To Net: NetName=low1 Pin=Jlow1-2
Added Pin To Net: NetName=low1 Pin=U2-1
Added Pin To Net: NetName=low1 Pin=U2-4
Added Net: Name=low1
Added Pin To Net: NetName=low2 Pin=Jlow2-2
Added Pin To Net: NetName=low2 Pin=U3-1
Added Pin To Net: NetName=low2 Pin=U3-4
Added Net: Name=low2
Added Pin To Net: NetName=NetC1_FAA_2 Pin=C1_FAA-2
Added Pin To Net: NetName=NetC1_FAA_2 Pin=R2.b_FAA-2
Added Pin To Net: NetName=NetC1_FAA_2 Pin=TT1_FAA-3
Added Net: Name=NetC1_FAA_2
Added Pin To Net: NetName=NetC1_FR_2 Pin=C1_FR-2
Added Pin To Net: NetName=NetC1_FR_2 Pin=R2.b_FR-2
Added Pin To Net: NetName=NetC1_FR_2 Pin=TT1_FR-3
Added Net: Name=NetC1_FR_2
Added Pin To Net: NetName=NetC2_FAA_1 Pin=C2_FAA-1
Added Pin To Net: NetName=NetC2_FAA_1 Pin=R2_FAA-1
Added Pin To Net: NetName=NetC2_FAA_1 Pin=R3_FAA-2
Added Net: Name=NetC2_FAA_1
Added Pin To Net: NetName=NetC2_FR_1 Pin=C2_FR-1
Added Pin To Net: NetName=NetC2_FR_1 Pin=R2_FR-1
Added Pin To Net: NetName=NetC2_FR_1 Pin=R3_FR-2
Added Net: Name=NetC2_FR_1
Added Pin To Net: NetName=NetC3_FAA_2 Pin=C3_FAA-2
Added Pin To Net: NetName=NetC3_FAA_2 Pin=R1_FAA-2
Added Pin To Net: NetName=NetC3_FAA_2 Pin=TT1_FAA-10
Added Net: Name=NetC3_FAA_2
Added Pin To Net: NetName=NetC3_FR_2 Pin=C3_FR-2
Added Pin To Net: NetName=NetC3_FR_2 Pin=R1_FR-2
Added Pin To Net: NetName=NetC3_FR_2 Pin=TT1_FR-10
Added Net: Name=NetC3_FR_2
Added Pin To Net: NetName=NetC4_FAA_1 Pin=C4_FAA-1
Added Pin To Net: NetName=NetC4_FAA_1 Pin=R1.b_FAA-1
Added Pin To Net: NetName=NetC4_FAA_1 Pin=R6_FAA-2
Added Net: Name=NetC4_FAA_1
Added Pin To Net: NetName=NetC4_FR_1 Pin=C4_FR-1
Added Pin To Net: NetName=NetC4_FR_1 Pin=R1.b_FR-1
Added Pin To Net: NetName=NetC4_FR_1 Pin=R6_FR-2
Added Net: Name=NetC4_FR_1
Added Pin To Net: NetName=NetC5_FAA_2 Pin=C5_FAA-2
Added Pin To Net: NetName=NetC5_FAA_2 Pin=R9_FAA-2
Added Pin To Net: NetName=NetC5_FAA_2 Pin=TT2_FAA-3
Added Net: Name=NetC5_FAA_2
Added Pin To Net: NetName=NetC5_FR_2 Pin=C5_FR-2
Added Pin To Net: NetName=NetC5_FR_2 Pin=R9_FR-2
Added Pin To Net: NetName=NetC5_FR_2 Pin=TT2_FR-3
Added Net: Name=NetC5_FR_2
Added Pin To Net: NetName=NetC6_FAA_1 Pin=C6_FAA-1
Added Pin To Net: NetName=NetC6_FAA_1 Pin=R9.b_FAA-1
Added Pin To Net: NetName=NetC6_FAA_1 Pin=R10_FAA-2
Added Net: Name=NetC6_FAA_1
Added Pin To Net: NetName=NetC6_FR_1 Pin=C6_FR-1
Added Pin To Net: NetName=NetC6_FR_1 Pin=R9.b_FR-1
Added Pin To Net: NetName=NetC6_FR_1 Pin=R10_FR-2
Added Net: Name=NetC6_FR_1
Added Pin To Net: NetName=NetC8_FAA_1 Pin=C8_FAA-1
Added Pin To Net: NetName=NetC8_FAA_1 Pin=R14_FAA-2
Added Pin To Net: NetName=NetC8_FAA_1 Pin=R23_FAA-1
Added Pin To Net: NetName=NetC8_FAA_1 Pin=TT2_FAA-9
Added Net: Name=NetC8_FAA_1
Added Pin To Net: NetName=NetC8_FR_1 Pin=C8_FR-1
Added Pin To Net: NetName=NetC8_FR_1 Pin=R14_FR-2
Added Pin To Net: NetName=NetC8_FR_1 Pin=R23_FR-1
Added Pin To Net: NetName=NetC8_FR_1 Pin=TT2_FR-9
Added Net: Name=NetC8_FR_1
Added Pin To Net: NetName=NetC9_FAA_1 Pin=C9_FAA-1
Added Pin To Net: NetName=NetC9_FAA_1 Pin=R17.b_FAA-2
Added Pin To Net: NetName=NetC9_FAA_1 Pin=R17_FAA-2
Added Pin To Net: NetName=NetC9_FAA_1 Pin=R18.b_FAA-1
Added Pin To Net: NetName=NetC9_FAA_1 Pin=R18_FAA-1
Added Pin To Net: NetName=NetC9_FAA_1 Pin=R22.b_FAA-1
Added Pin To Net: NetName=NetC9_FAA_1 Pin=R22_FAA-1
Added Pin To Net: NetName=NetC9_FAA_1 Pin=TT3_FAA-2
Added Net: Name=NetC9_FAA_1
Added Pin To Net: NetName=NetC9_FAA_2 Pin=C9_FAA-2
Added Pin To Net: NetName=NetC9_FAA_2 Pin=R18.b_FAA-2
Added Pin To Net: NetName=NetC9_FAA_2 Pin=R18_FAA-2
Added Pin To Net: NetName=NetC9_FAA_2 Pin=R20.b_FAA-1
Added Pin To Net: NetName=NetC9_FAA_2 Pin=R20_FAA-1
Added Pin To Net: NetName=NetC9_FAA_2 Pin=TT3_FAA-1
Added Net: Name=NetC9_FAA_2
Added Pin To Net: NetName=NetC9_FR_1 Pin=C9_FR-1
Added Pin To Net: NetName=NetC9_FR_1 Pin=R17.b_FR-2
Added Pin To Net: NetName=NetC9_FR_1 Pin=R17_FR-2
Added Pin To Net: NetName=NetC9_FR_1 Pin=R18.b_FR-1
Added Pin To Net: NetName=NetC9_FR_1 Pin=R18_FR-1
Added Pin To Net: NetName=NetC9_FR_1 Pin=R22.b_FR-1
Added Pin To Net: NetName=NetC9_FR_1 Pin=R22_FR-1
Added Pin To Net: NetName=NetC9_FR_1 Pin=TT3_FR-2
Added Net: Name=NetC9_FR_1
Added Pin To Net: NetName=NetC9_FR_2 Pin=C9_FR-2
Added Pin To Net: NetName=NetC9_FR_2 Pin=R18.b_FR-2
Added Pin To Net: NetName=NetC9_FR_2 Pin=R18_FR-2
Added Pin To Net: NetName=NetC9_FR_2 Pin=R20.b_FR-1
Added Pin To Net: NetName=NetC9_FR_2 Pin=R20_FR-1
Added Pin To Net: NetName=NetC9_FR_2 Pin=TT3_FR-1
Added Net: Name=NetC9_FR_2
Added Pin To Net: NetName=NetC10_FAA_1 Pin=C10_FAA-1
Added Pin To Net: NetName=NetC10_FAA_1 Pin=R20.b_FAA-2
Added Pin To Net: NetName=NetC10_FAA_1 Pin=R20_FAA-2
Added Pin To Net: NetName=NetC10_FAA_1 Pin=TT3_FAA-6
Added Net: Name=NetC10_FAA_1
Added Pin To Net: NetName=NetC10_FAA_2 Pin=C10_FAA-2
Added Pin To Net: NetName=NetC10_FAA_2 Pin=R19_FAA-1
Added Pin To Net: NetName=NetC10_FAA_2 Pin=TT3_FAA-7
Added Net: Name=NetC10_FAA_2
Added Pin To Net: NetName=NetC10_FR_1 Pin=C10_FR-1
Added Pin To Net: NetName=NetC10_FR_1 Pin=R20.b_FR-2
Added Pin To Net: NetName=NetC10_FR_1 Pin=R20_FR-2
Added Pin To Net: NetName=NetC10_FR_1 Pin=TT3_FR-6
Added Net: Name=NetC10_FR_1
Added Pin To Net: NetName=NetC10_FR_2 Pin=C10_FR-2
Added Pin To Net: NetName=NetC10_FR_2 Pin=R19_FR-1
Added Pin To Net: NetName=NetC10_FR_2 Pin=TT3_FR-7
Added Net: Name=NetC10_FR_2
Added Pin To Net: NetName=NetCcv_1 Pin=Ccv-1
Added Pin To Net: NetName=NetCcv_1 Pin=U1-5
Added Net: Name=NetCcv_1
Added Pin To Net: NetName=NetCf_1 Pin=Cf-1
Added Pin To Net: NetName=NetCf_1 Pin=Jsierra-2
Added Pin To Net: NetName=NetCf_1 Pin=R3-1
Added Pin To Net: NetName=NetCf_1 Pin=T1-2
Added Pin To Net: NetName=NetCf_1 Pin=U1-2
Added Pin To Net: NetName=NetCf_1 Pin=U1-6
Added Net: Name=NetCf_1
Added Pin To Net: NetName=NetCh_1 Pin=Ch-1
Added Pin To Net: NetName=NetCh_1 Pin=U1-6
Added Net: Name=NetCh_1
Added Pin To Net: NetName=NetD1_2 Pin=D1-2
Added Pin To Net: NetName=NetD1_2 Pin=D2-1
Added Net: Name=NetD1_2
Added Pin To Net: NetName=NetD2_2 Pin=D2-2
Added Pin To Net: NetName=NetD2_2 Pin=Rd-2
Added Pin To Net: NetName=NetD2_2 Pin=T1-1
Added Net: Name=NetD2_2
Added Pin To Net: NetName=NetJ0_1 Pin=J0-1
Added Pin To Net: NetName=NetJ0_1 Pin=J1-3
Added Net: Name=NetJ0_1
Added Pin To Net: NetName=NetJ1_2 Pin=J1-2
Added Pin To Net: NetName=NetJ1_2 Pin=J2-2
Added Net: Name=NetJ1_2
Added Pin To Net: NetName=NetJ1_FAA_2 Pin=J1_FAA-2
Added Pin To Net: NetName=NetJ1_FAA_2 Pin=R6.b_FAA-1
Added Net: Name=NetJ1_FAA_2
Added Pin To Net: NetName=NetJ1_FR_2 Pin=J1_FR-2
Added Pin To Net: NetName=NetJ1_FR_2 Pin=R6.b_FR-1
Added Net: Name=NetJ1_FR_2
Added Pin To Net: NetName=NetJ2_1 Pin=J2-1
Added Pin To Net: NetName=NetJ2_1 Pin=J3-3
Added Net: Name=NetJ2_1
Added Pin To Net: NetName=NetJ2_2 Pin=J2-2
Added Pin To Net: NetName=NetJ2_2 Pin=Rb-1
Added Net: Name=NetJ2_2
Added Pin To Net: NetName=NetJ2_FAA_2 Pin=J2_FAA-2
Added Pin To Net: NetName=NetJ2_FAA_2 Pin=R10.b_FAA-1
Added Net: Name=NetJ2_FAA_2
Added Pin To Net: NetName=NetJ2_FR_2 Pin=J2_FR-2
Added Pin To Net: NetName=NetJ2_FR_2 Pin=R10.b_FR-1
Added Net: Name=NetJ2_FR_2
Added Pin To Net: NetName=NetJ3_2 Pin=J3-2
Added Pin To Net: NetName=NetJ3_2 Pin=J4-2
Added Net: Name=NetJ3_2
Added Pin To Net: NetName=NetJ3_FAA_2 Pin=J3_FAA-2
Added Pin To Net: NetName=NetJ3_FAA_2 Pin=R14_FAA-1
Added Net: Name=NetJ3_FAA_2
Added Pin To Net: NetName=NetJ3_FR_2 Pin=J3_FR-2
Added Pin To Net: NetName=NetJ3_FR_2 Pin=R14_FR-1
Added Net: Name=NetJ3_FR_2
Added Pin To Net: NetName=NetJ4_1 Pin=J4-1
Added Pin To Net: NetName=NetJ4_1 Pin=J5-3
Added Net: Name=NetJ4_1
Added Pin To Net: NetName=NetJ4_FAA_2 Pin=J4_FAA-2
Added Pin To Net: NetName=NetJ4_FAA_2 Pin=R17.b_FAA-1
Added Pin To Net: NetName=NetJ4_FAA_2 Pin=R17_FAA-1
Added Net: Name=NetJ4_FAA_2
Added Pin To Net: NetName=NetJ4_FR_2 Pin=J4_FR-2
Added Pin To Net: NetName=NetJ4_FR_2 Pin=R17.b_FR-1
Added Pin To Net: NetName=NetJ4_FR_2 Pin=R17_FR-1
Added Net: Name=NetJ4_FR_2
Added Pin To Net: NetName=NetJ5_2 Pin=J5-2
Added Pin To Net: NetName=NetJ5_2 Pin=J6-2
Added Net: Name=NetJ5_2
Added Pin To Net: NetName=NetJ6_1 Pin=J6-1
Added Pin To Net: NetName=NetJ6_1 Pin=J7-3
Added Net: Name=NetJ6_1
Added Pin To Net: NetName=NetJcomp1_1 Pin=Jcomp1-1
Added Pin To Net: NetName=NetJcomp1_1 Pin=Rup1-1
Added Pin To Net: NetName=NetJcomp1_1 Pin=U2-7
Added Net: Name=NetJcomp1_1
Added Pin To Net: NetName=NetJcomp1_2 Pin=Jcomp1-2
Added Pin To Net: NetName=NetJcomp1_2 Pin=Unot1-1
Added Net: Name=NetJcomp1_2
Added Pin To Net: NetName=NetJcomp2_2 Pin=Jcomp2-2
Added Pin To Net: NetName=NetJcomp2_2 Pin=Rup2-1
Added Pin To Net: NetName=NetJcomp2_2 Pin=U3-7
Added Net: Name=NetJcomp2_2
Added Pin To Net: NetName=NetJumper1_FAA_1 Pin=Jumper1_FAA-1
Added Pin To Net: NetName=NetJumper1_FAA_1 Pin=TT1_FAA-5
Added Net: Name=NetJumper1_FAA_1
Added Pin To Net: NetName=NetJumper1_FR_1 Pin=Jumper1_FR-1
Added Pin To Net: NetName=NetJumper1_FR_1 Pin=TT1_FR-5
Added Net: Name=NetJumper1_FR_1
Added Pin To Net: NetName=NetJumper2_FAA_1 Pin=Jumper2_FAA-1
Added Pin To Net: NetName=NetJumper2_FAA_1 Pin=TT1_FAA-12
Added Net: Name=NetJumper2_FAA_1
Added Pin To Net: NetName=NetJumper2_FR_1 Pin=Jumper2_FR-1
Added Pin To Net: NetName=NetJumper2_FR_1 Pin=TT1_FR-12
Added Net: Name=NetJumper2_FR_1
Added Pin To Net: NetName=NetJumper3_FAA_1 Pin=Jumper3_FAA-1
Added Pin To Net: NetName=NetJumper3_FAA_1 Pin=TT2_FAA-5
Added Net: Name=NetJumper3_FAA_1
Added Pin To Net: NetName=NetJumper3_FR_1 Pin=Jumper3_FR-1
Added Pin To Net: NetName=NetJumper3_FR_1 Pin=TT2_FR-5
Added Net: Name=NetJumper3_FR_1
Added Pin To Net: NetName=NetJumper4_FAA_1 Pin=Jumper4_FAA-1
Added Pin To Net: NetName=NetJumper4_FAA_1 Pin=TT2_FAA-12
Added Net: Name=NetJumper4_FAA_1
Added Pin To Net: NetName=NetJumper4_FR_1 Pin=Jumper4_FR-1
Added Pin To Net: NetName=NetJumper4_FR_1 Pin=TT2_FR-12
Added Net: Name=NetJumper4_FR_1
Added Pin To Net: NetName=NetJumper5_FAA_1 Pin=Jumper5_FAA-1
Added Pin To Net: NetName=NetJumper5_FAA_1 Pin=R13_FAA-2
Added Net: Name=NetJumper5_FAA_1
Added Pin To Net: NetName=NetJumper5_FR_1 Pin=Jumper5_FR-1
Added Pin To Net: NetName=NetJumper5_FR_1 Pin=R13_FR-2
Added Net: Name=NetJumper5_FR_1
Added Pin To Net: NetName=NetR1.b_FAA_2 Pin=R1.b_FAA-2
Added Pin To Net: NetName=NetR1.b_FAA_2 Pin=R1_FAA-1
Added Net: Name=NetR1.b_FAA_2
Added Pin To Net: NetName=NetR1.b_FR_2 Pin=R1.b_FR-2
Added Pin To Net: NetName=NetR1.b_FR_2 Pin=R1_FR-1
Added Net: Name=NetR1.b_FR_2
Added Pin To Net: NetName=NetR1_1 Pin=R1-1
Added Pin To Net: NetName=NetR1_1 Pin=R1-1
Added Pin To Net: NetName=NetR1_1 Pin=R2-2
Added Net: Name=NetR1_1
Added Pin To Net: NetName=NetR1_2 Pin=R1-2
Added Pin To Net: NetName=NetR1_2 Pin=R1-2
Added Pin To Net: NetName=NetR1_2 Pin=U1-2
Added Net: Name=NetR1_2
Added Pin To Net: NetName=NetR2.b_FAA_1 Pin=R2.b_FAA-1
Added Pin To Net: NetName=NetR2.b_FAA_1 Pin=R2_FAA-2
Added Net: Name=NetR2.b_FAA_1
Added Pin To Net: NetName=NetR2.b_FR_1 Pin=R2.b_FR-1
Added Pin To Net: NetName=NetR2.b_FR_1 Pin=R2_FR-2
Added Net: Name=NetR2.b_FR_1
Added Pin To Net: NetName=NetR3.b_FAA_2 Pin=R3.b_FAA-2
Added Pin To Net: NetName=NetR3.b_FAA_2 Pin=R3_FAA-1
Added Net: Name=NetR3.b_FAA_2
Added Pin To Net: NetName=NetR3.b_FR_2 Pin=R3.b_FR-2
Added Pin To Net: NetName=NetR3.b_FR_2 Pin=R3_FR-1
Added Net: Name=NetR3.b_FR_2
Added Pin To Net: NetName=NetR3_2 Pin=R3-2
Added Pin To Net: NetName=NetR3_2 Pin=U1-7
Added Net: Name=NetR3_2
Added Pin To Net: NetName=NetR4.b_FAA_1 Pin=R4.b_FAA-1
Added Pin To Net: NetName=NetR4.b_FAA_1 Pin=R4_FAA-1
Added Net: Name=NetR4.b_FAA_1
Added Pin To Net: NetName=NetR4.b_FAA_2 Pin=R4.b_FAA-2
Added Pin To Net: NetName=NetR4.b_FAA_2 Pin=R4.c_FAA-1
Added Net: Name=NetR4.b_FAA_2
Added Pin To Net: NetName=NetR4.b_FR_1 Pin=R4.b_FR-1
Added Pin To Net: NetName=NetR4.b_FR_1 Pin=R4_FR-1
Added Net: Name=NetR4.b_FR_1
Added Pin To Net: NetName=NetR4.b_FR_2 Pin=R4.b_FR-2
Added Pin To Net: NetName=NetR4.b_FR_2 Pin=R4.c_FR-1
Added Net: Name=NetR4.b_FR_2
Added Pin To Net: NetName=NetR4_FAA_2 Pin=R4_FAA-2
Added Pin To Net: NetName=NetR4_FAA_2 Pin=R5_FAA-2
Added Pin To Net: NetName=NetR4_FAA_2 Pin=TT1_FAA-2
Added Net: Name=NetR4_FAA_2
Added Pin To Net: NetName=NetR4_FR_2 Pin=R4_FR-2
Added Pin To Net: NetName=NetR4_FR_2 Pin=R5_FR-2
Added Pin To Net: NetName=NetR4_FR_2 Pin=TT1_FR-2
Added Net: Name=NetR4_FR_2
Added Pin To Net: NetName=NetR6.b_FAA_2 Pin=R6.b_FAA-2
Added Pin To Net: NetName=NetR6.b_FAA_2 Pin=R6_FAA-1
Added Net: Name=NetR6.b_FAA_2
Added Pin To Net: NetName=NetR6.b_FR_2 Pin=R6.b_FR-2
Added Pin To Net: NetName=NetR6.b_FR_2 Pin=R6_FR-1
Added Net: Name=NetR6.b_FR_2
Added Pin To Net: NetName=NetR6_2 Pin=R6-2
Added Pin To Net: NetName=NetR6_2 Pin=Rcomp2-3
Added Net: Name=NetR6_2
Added Pin To Net: NetName=NetR7.b_FAA_1 Pin=R7.b_FAA-1
Added Pin To Net: NetName=NetR7.b_FAA_1 Pin=R7_FAA-1
Added Net: Name=NetR7.b_FAA_1
Added Pin To Net: NetName=NetR7.b_FAA_2 Pin=R7.b_FAA-2
Added Pin To Net: NetName=NetR7.b_FAA_2 Pin=R8_FAA-2
Added Pin To Net: NetName=NetR7.b_FAA_2 Pin=TT1_FAA-9
Added Net: Name=NetR7.b_FAA_2
Added Pin To Net: NetName=NetR7.b_FR_1 Pin=R7.b_FR-1
Added Pin To Net: NetName=NetR7.b_FR_1 Pin=R7_FR-1
Added Net: Name=NetR7.b_FR_1
Added Pin To Net: NetName=NetR7.b_FR_2 Pin=R7.b_FR-2
Added Pin To Net: NetName=NetR7.b_FR_2 Pin=R8_FR-2
Added Pin To Net: NetName=NetR7.b_FR_2 Pin=TT1_FR-9
Added Net: Name=NetR7.b_FR_2
Added Pin To Net: NetName=NetR7_2 Pin=R7-2
Added Pin To Net: NetName=NetR7_2 Pin=Rcomp1-3
Added Net: Name=NetR7_2
Added Pin To Net: NetName=NetR9.b_FAA_2 Pin=R9.b_FAA-2
Added Pin To Net: NetName=NetR9.b_FAA_2 Pin=R9_FAA-1
Added Net: Name=NetR9.b_FAA_2
Added Pin To Net: NetName=NetR9.b_FR_2 Pin=R9.b_FR-2
Added Pin To Net: NetName=NetR9.b_FR_2 Pin=R9_FR-1
Added Net: Name=NetR9.b_FR_2
Added Pin To Net: NetName=NetR10.b_FAA_2 Pin=R10.b_FAA-2
Added Pin To Net: NetName=NetR10.b_FAA_2 Pin=R10_FAA-1
Added Net: Name=NetR10.b_FAA_2
Added Pin To Net: NetName=NetR10.b_FR_2 Pin=R10.b_FR-2
Added Pin To Net: NetName=NetR10.b_FR_2 Pin=R10_FR-1
Added Net: Name=NetR10.b_FR_2
Added Pin To Net: NetName=NetR11_FAA_2 Pin=R11_FAA-2
Added Pin To Net: NetName=NetR11_FAA_2 Pin=R12_FAA-2
Added Pin To Net: NetName=NetR11_FAA_2 Pin=TT2_FAA-2
Added Net: Name=NetR11_FAA_2
Added Pin To Net: NetName=NetR11_FR_2 Pin=R11_FR-2
Added Pin To Net: NetName=NetR11_FR_2 Pin=R12_FR-2
Added Pin To Net: NetName=NetR11_FR_2 Pin=TT2_FR-2
Added Net: Name=NetR11_FR_2
Added Pin To Net: NetName=NetR13_FAA_1 Pin=R13_FAA-1
Added Pin To Net: NetName=NetR13_FAA_1 Pin=R15_FAA-1
Added Pin To Net: NetName=NetR13_FAA_1 Pin=TT3_FAA-13
Added Net: Name=NetR13_FAA_1
Added Pin To Net: NetName=NetR13_FR_1 Pin=R13_FR-1
Added Pin To Net: NetName=NetR13_FR_1 Pin=R15_FR-1
Added Pin To Net: NetName=NetR13_FR_1 Pin=TT3_FR-13
Added Net: Name=NetR13_FR_1
Added Pin To Net: NetName=NetR19_FAA_2 Pin=R19_FAA-2
Added Pin To Net: NetName=NetR19_FAA_2 Pin=R21_FAA-1
Added Pin To Net: NetName=NetR19_FAA_2 Pin=TT3_FAA-9
Added Net: Name=NetR19_FAA_2
Added Pin To Net: NetName=NetR19_FR_2 Pin=R19_FR-2
Added Pin To Net: NetName=NetR19_FR_2 Pin=R21_FR-1
Added Pin To Net: NetName=NetR19_FR_2 Pin=TT3_FR-9
Added Net: Name=NetR19_FR_2
Added Pin To Net: NetName=NetRf1_1 Pin=Rf1-1
Added Pin To Net: NetName=NetRf1_1 Pin=Rf2-3
Added Net: Name=NetRf1_1
Added Pin To Net: NetName=NetRf2_2 Pin=Rf2-2
Added Pin To Net: NetName=NetRf2_2 Pin=T1-3
Added Net: Name=NetRf2_2
Added Pin To Net: NetName=Output Pin=J7-2
Added Pin To Net: NetName=Output Pin=Output-2
Added Net: Name=Output
Added Pin To Net: NetName=Vcc+_FAA Pin=Ccoup1-1
Added Pin To Net: NetName=Vcc+_FAA Pin=Ccoup1-1
Added Pin To Net: NetName=Vcc+_FAA Pin=Ccoup1-1
Added Pin To Net: NetName=Vcc+_FAA Pin=Ccoup2-1
Added Pin To Net: NetName=Vcc+_FAA Pin=Ccoup2-1
Added Pin To Net: NetName=Vcc+_FAA Pin=Ccoup3-1
Added Pin To Net: NetName=Vcc+_FAA Pin=Ccoup3-1
Added Pin To Net: NetName=Vcc+_FAA Pin=Ccoup11-1
Added Pin To Net: NetName=Vcc+_FAA Pin=CD1_FAA-1
Added Pin To Net: NetName=Vcc+_FAA Pin=CD1_FR-1
Added Pin To Net: NetName=Vcc+_FAA Pin=CD2_FAA-1
Added Pin To Net: NetName=Vcc+_FAA Pin=CD2_FR-1
Added Pin To Net: NetName=Vcc+_FAA Pin=CD3_FAA-1
Added Pin To Net: NetName=Vcc+_FAA Pin=CD3_FR-1
Added Pin To Net: NetName=Vcc+_FAA Pin=D1-1
Added Pin To Net: NetName=Vcc+_FAA Pin=Jhigh1-1
Added Pin To Net: NetName=Vcc+_FAA Pin=Jhigh2-3
Added Pin To Net: NetName=Vcc+_FAA Pin=R1-3
Added Pin To Net: NetName=Vcc+_FAA Pin=R1-3
Added Pin To Net: NetName=Vcc+_FAA Pin=R4-2
Added Pin To Net: NetName=Vcc+_FAA Pin=R5-2
Added Pin To Net: NetName=Vcc+_FAA Pin=Rf1-2
Added Pin To Net: NetName=Vcc+_FAA Pin=TT1_FAA-4
Added Pin To Net: NetName=Vcc+_FAA Pin=TT1_FR-4
Added Pin To Net: NetName=Vcc+_FAA Pin=TT2_FAA-4
Added Pin To Net: NetName=Vcc+_FAA Pin=TT2_FR-4
Added Pin To Net: NetName=Vcc+_FAA Pin=TT3_FAA-4
Added Pin To Net: NetName=Vcc+_FAA Pin=TT3_FR-4
Added Pin To Net: NetName=Vcc+_FAA Pin=U1-1
Added Pin To Net: NetName=Vcc+_FAA Pin=U1-4
Added Pin To Net: NetName=Vcc+_FAA Pin=U1-8
Added Pin To Net: NetName=Vcc+_FAA Pin=Unot1-3
Added Pin To Net: NetName=Vcc+_FAA Pin=Unot1-5
Added Pin To Net: NetName=Vcc+_FAA Pin=Unot1-9
Added Pin To Net: NetName=Vcc+_FAA Pin=Unot1-11
Added Pin To Net: NetName=Vcc+_FAA Pin=Unot1-13
Added Pin To Net: NetName=Vcc+_FAA Pin=Vcc-3
Added Net: Name=Vcc+_FAA
Added Pin To Net: NetName=Vcc-_FAA Pin=Ccoup2-1
Added Pin To Net: NetName=Vcc-_FAA Pin=Ccoup2-1
Added Pin To Net: NetName=Vcc-_FAA Pin=Ccoup4-1
Added Pin To Net: NetName=Vcc-_FAA Pin=Ccoup4-1
Added Pin To Net: NetName=Vcc-_FAA Pin=Ccoup5-1
Added Pin To Net: NetName=Vcc-_FAA Pin=Ccoup5-1
Added Pin To Net: NetName=Vcc-_FAA Pin=Ccoup6-1
Added Pin To Net: NetName=Vcc-_FAA Pin=Ccoup6-1
Added Pin To Net: NetName=Vcc-_FAA Pin=CD4_FAA-1
Added Pin To Net: NetName=Vcc-_FAA Pin=CD4_FR-1
Added Pin To Net: NetName=Vcc-_FAA Pin=CD5_FAA-1
Added Pin To Net: NetName=Vcc-_FAA Pin=CD5_FR-1
Added Pin To Net: NetName=Vcc-_FAA Pin=CD6_FAA-1
Added Pin To Net: NetName=Vcc-_FAA Pin=CD6_FR-1
Added Pin To Net: NetName=Vcc-_FAA Pin=Jlow1-1
Added Pin To Net: NetName=Vcc-_FAA Pin=Jlow2-1
Added Pin To Net: NetName=Vcc-_FAA Pin=TT1_FAA-11
Added Pin To Net: NetName=Vcc-_FAA Pin=TT1_FR-11
Added Pin To Net: NetName=Vcc-_FAA Pin=TT2_FAA-11
Added Pin To Net: NetName=Vcc-_FAA Pin=TT2_FR-11
Added Pin To Net: NetName=Vcc-_FAA Pin=TT3_FAA-11
Added Pin To Net: NetName=Vcc-_FAA Pin=TT3_FR-11
Added Pin To Net: NetName=Vcc-_FAA Pin=U1-4
Added Pin To Net: NetName=Vcc-_FAA Pin=U1-7
Added Pin To Net: NetName=Vcc-_FAA Pin=Vcc-1
Added Net: Name=Vcc-_FAA
Added Pin To Net: NetName=VCC Pin=Unot1-14
Added Net: Name=VCC
Added Pin To Net: NetName=Vi_FAA Pin=J0-3
Added Pin To Net: NetName=Vi_FAA Pin=J1_FAA-3
Added Pin To Net: NetName=Vi_FAA Pin=J2_FAA-3
Added Pin To Net: NetName=Vi_FAA Pin=J3_FAA-3
Added Pin To Net: NetName=Vi_FAA Pin=J4_FAA-3
Added Pin To Net: NetName=Vi_FAA Pin=R3.b_FAA-1
Added Net: Name=Vi_FAA
Added Pin To Net: NetName=Vi_FR Pin=J1_FR-3
Added Pin To Net: NetName=Vi_FR Pin=J2_FR-3
Added Pin To Net: NetName=Vi_FR Pin=J3_FR-3
Added Pin To Net: NetName=Vi_FR Pin=J4_FR-3
Added Pin To Net: NetName=Vi_FR Pin=J6-3
Added Pin To Net: NetName=Vi_FR Pin=R3.b_FR-1
Added Net: Name=Vi_FR
Added Pin To Net: NetName=Vo(E1) Pin=J1_FAA-1
Added Pin To Net: NetName=Vo(E1) Pin=J1_FR-1
Added Pin To Net: NetName=Vo(E1) Pin=Jumper1_FAA-3
Added Pin To Net: NetName=Vo(E1) Pin=Jumper1_FR-3
Added Pin To Net: NetName=Vo(E1) Pin=TT1_FAA-6
Added Pin To Net: NetName=Vo(E1) Pin=TT1_FAA-7
Added Pin To Net: NetName=Vo(E1) Pin=TT1_FR-6
Added Pin To Net: NetName=Vo(E1) Pin=TT1_FR-7
Added Net: Name=Vo(E1)
Added Pin To Net: NetName=Vo(E2)_FAA Pin=J2_FAA-1
Added Pin To Net: NetName=Vo(E2)_FAA Pin=J2_FR-1
Added Pin To Net: NetName=Vo(E2)_FAA Pin=Jumper2_FAA-3
Added Pin To Net: NetName=Vo(E2)_FAA Pin=Jumper2_FR-3
Added Pin To Net: NetName=Vo(E2)_FAA Pin=TT1_FAA-13
Added Pin To Net: NetName=Vo(E2)_FAA Pin=TT1_FAA-14
Added Pin To Net: NetName=Vo(E2)_FAA Pin=TT1_FR-13
Added Pin To Net: NetName=Vo(E2)_FAA Pin=TT1_FR-14
Added Net: Name=Vo(E2)_FAA
Added Pin To Net: NetName=Vo(E3) Pin=J3_FAA-1
Added Pin To Net: NetName=Vo(E3) Pin=J3_FR-1
Added Pin To Net: NetName=Vo(E3) Pin=Jumper3_FAA-3
Added Pin To Net: NetName=Vo(E3) Pin=Jumper3_FR-3
Added Pin To Net: NetName=Vo(E3) Pin=TT2_FAA-6
Added Pin To Net: NetName=Vo(E3) Pin=TT2_FAA-7
Added Pin To Net: NetName=Vo(E3) Pin=TT2_FR-6
Added Pin To Net: NetName=Vo(E3) Pin=TT2_FR-7
Added Net: Name=Vo(E3)
Added Pin To Net: NetName=Vo(E4)_FAA Pin=J4_FAA-1
Added Pin To Net: NetName=Vo(E4)_FAA Pin=J4_FR-1
Added Pin To Net: NetName=Vo(E4)_FAA Pin=Jumper4_FAA-3
Added Pin To Net: NetName=Vo(E4)_FAA Pin=Jumper4_FR-3
Added Pin To Net: NetName=Vo(E4)_FAA Pin=TT2_FAA-13
Added Pin To Net: NetName=Vo(E4)_FAA Pin=TT2_FAA-14
Added Pin To Net: NetName=Vo(E4)_FAA Pin=TT2_FR-13
Added Pin To Net: NetName=Vo(E4)_FAA Pin=TT2_FR-14
Added Net: Name=Vo(E4)_FAA
Added Pin To Net: NetName=Vo(E5)_FAA Pin=J1-1
Added Pin To Net: NetName=Vo(E5)_FAA Pin=Jumper5_FAA-3
Added Pin To Net: NetName=Vo(E5)_FAA Pin=R15_FAA-2
Added Pin To Net: NetName=Vo(E5)_FAA Pin=TT3_FAA-14
Added Net: Name=Vo(E5)_FAA
Added Pin To Net: NetName=Vo(E5)_FR Pin=J7-1
Added Pin To Net: NetName=Vo(E5)_FR Pin=Jumper5_FR-3
Added Pin To Net: NetName=Vo(E5)_FR Pin=R15_FR-2
Added Pin To Net: NetName=Vo(E5)_FR Pin=TT3_FR-14
Added Net: Name=Vo(E5)_FR
Added Pin To Net: NetName=Vo(J1) Pin=C2_FAA-2
Added Pin To Net: NetName=Vo(J1) Pin=C2_FR-2
Added Pin To Net: NetName=Vo(J1) Pin=Jumper1_FAA-2
Added Pin To Net: NetName=Vo(J1) Pin=Jumper1_FR-2
Added Pin To Net: NetName=Vo(J1) Pin=R4.c_FAA-2
Added Pin To Net: NetName=Vo(J1) Pin=R4.c_FR-2
Added Pin To Net: NetName=Vo(J1) Pin=TT1_FAA-1
Added Pin To Net: NetName=Vo(J1) Pin=TT1_FR-1
Added Net: Name=Vo(J1)
Added Pin To Net: NetName=Vo(J2) Pin=C4_FAA-2
Added Pin To Net: NetName=Vo(J2) Pin=C4_FR-2
Added Pin To Net: NetName=Vo(J2) Pin=Jumper2_FAA-2
Added Pin To Net: NetName=Vo(J2) Pin=Jumper2_FR-2
Added Pin To Net: NetName=Vo(J2) Pin=R7_FAA-2
Added Pin To Net: NetName=Vo(J2) Pin=R7_FR-2
Added Pin To Net: NetName=Vo(J2) Pin=TT1_FAA-8
Added Pin To Net: NetName=Vo(J2) Pin=TT1_FR-8
Added Net: Name=Vo(J2)
Added Pin To Net: NetName=Vo(J3) Pin=C6_FAA-2
Added Pin To Net: NetName=Vo(J3) Pin=C6_FR-2
Added Pin To Net: NetName=Vo(J3) Pin=Jumper3_FAA-2
Added Pin To Net: NetName=Vo(J3) Pin=Jumper3_FR-2
Added Pin To Net: NetName=Vo(J3) Pin=R11_FAA-1
Added Pin To Net: NetName=Vo(J3) Pin=R11_FR-1
Added Pin To Net: NetName=Vo(J3) Pin=TT2_FAA-1
Added Pin To Net: NetName=Vo(J3) Pin=TT2_FR-1
Added Net: Name=Vo(J3)
Added Pin To Net: NetName=Vo(J4) Pin=C8_FAA-2
Added Pin To Net: NetName=Vo(J4) Pin=C8_FR-2
Added Pin To Net: NetName=Vo(J4) Pin=Jumper4_FAA-2
Added Pin To Net: NetName=Vo(J4) Pin=Jumper4_FR-2
Added Pin To Net: NetName=Vo(J4) Pin=R23_FAA-2
Added Pin To Net: NetName=Vo(J4) Pin=R23_FR-2
Added Pin To Net: NetName=Vo(J4) Pin=TT2_FAA-8
Added Pin To Net: NetName=Vo(J4) Pin=TT2_FR-8
Added Net: Name=Vo(J4)
Added Pin To Net: NetName=Vo(J5) Pin=Jumper5_FAA-2
Added Pin To Net: NetName=Vo(J5) Pin=Jumper5_FR-2
Added Pin To Net: NetName=Vo(J5) Pin=R21_FAA-2
Added Pin To Net: NetName=Vo(J5) Pin=R21_FR-2
Added Pin To Net: NetName=Vo(J5) Pin=R22.b_FAA-2
Added Pin To Net: NetName=Vo(J5) Pin=R22.b_FR-2
Added Pin To Net: NetName=Vo(J5) Pin=R22_FAA-2
Added Pin To Net: NetName=Vo(J5) Pin=R22_FR-2
Added Pin To Net: NetName=Vo(J5) Pin=TT3_FAA-8
Added Pin To Net: NetName=Vo(J5) Pin=TT3_FR-8
Added Net: Name=Vo(J5)
Added Pin To Net: NetName=vref1 Pin=R4-1
Added Pin To Net: NetName=vref1 Pin=R7-1
Added Pin To Net: NetName=vref1 Pin=U2-3
Added Net: Name=vref1
Added Pin To Net: NetName=vref2 Pin=R5-1
Added Pin To Net: NetName=vref2 Pin=R6-1
Added Pin To Net: NetName=vref2 Pin=U3-3
Added Net: Name=vref2
Added Class: Name=ANALOG SWITCH
Added Class: Name=FAA
Added Class: Name=FR
Added Class: Name=OSCILADOR
Added Class: Name=SAMPLE AND HOLD
Added Class: Name=sampler
Added Class: Name=Schematic
Added Room: Name=ANALOG SWITCH
Added Room: Name=FAA
Added Room: Name=FR
Added Room: Name=OSCILADOR
Added Room: Name=SAMPLE AND HOLD
Added Room: Name=sampler
